# JRE version: OpenJDK Runtime Environment Temurin-17.0.6+10 (17.0.6+10) (build 17.0.6+10)
# Java VM: OpenJDK 64-Bit Server VM Temurin-17.0.6+10 (17.0.6+10, mixed mode, tiered, compressed oops, compressed class ptrs, g1 gc, windows-amd64)
GC Precious Log:
 CPUs: 4 total, 4 available
 Memory: 8026M
 Large Page Support: Disabled
 NUMA Support: Disabled
 Compressed Oops: Enabled (32-bit)
 Heap Region Size: 1M
 Heap Min Capacity: 8M
 Heap Initial Capacity: 126M
 Heap Max Capacity: 2008M
 Pre-touch: Disabled
 Parallel Workers: 4
 Concurrent Workers: 1
 Concurrent Refinement Workers: 4
 Periodic GC: Disabled
Heap:
 garbage-first heap   total 61440K, used 20275K [0x0000000082800000, 0x0000000100000000)
  region size 1024K, 4 young (4096K), 1 survivors (1024K)
 Metaspace       used 36160K, committed 36480K, reserved 1089536K
  class space    used 4351K, committed 4480K, reserved 1048576K
GC Heap History (20 events):
Event: 1.739 GC heap before
{Heap before GC invocations=3 (full 0):
 garbage-first heap   total 129024K, used 16452K [0x0000000082800000, 0x0000000100000000)
  region size 1024K, 11 young (11264K), 3 survivors (3072K)
 Metaspace       used 21314K, committed 21504K, reserved 1073152K
  class space    used 2466K, committed 2560K, reserved 1048576K
}
Event: 1.743 GC heap after
{Heap after GC invocations=4 (full 0):
 garbage-first heap   total 129024K, used 9801K [0x0000000082800000, 0x0000000100000000)
  region size 1024K, 3 young (3072K), 3 survivors (3072K)
 Metaspace       used 21314K, committed 21504K, reserved 1073152K
  class space    used 2466K, committed 2560K, reserved 1048576K
}
Event: 2.162 GC heap before
{Heap before GC invocations=5 (full 0):
 garbage-first heap   total 37888K, used 27209K [0x0000000082800000, 0x0000000100000000)
  region size 1024K, 22 young (22528K), 3 survivors (3072K)
 Metaspace       used 26461K, committed 26688K, reserved 1073152K
  class space    used 3039K, committed 3136K, reserved 1048576K
}
Event: 2.167 GC heap after
{Heap after GC invocations=6 (full 0):
 garbage-first heap   total 37888K, used 11280K [0x0000000082800000, 0x0000000100000000)
  region size 1024K, 3 young (3072K), 3 survivors (3072K)
 Metaspace       used 26461K, committed 26688K, reserved 1073152K
  class space    used 3039K, committed 3136K, reserved 1048576K
}
Event: 2.188 GC heap before
{Heap before GC invocations=6 (full 0):
 garbage-first heap   total 37888K, used 12304K [0x0000000082800000, 0x0000000100000000)
  region size 1024K, 4 young (4096K), 3 survivors (3072K)
 Metaspace       used 26572K, committed 26816K, reserved 1073152K
  class space    used 3054K, committed 3136K, reserved 1048576K
}
Event: 2.193 GC heap after
{Heap after GC invocations=7 (full 0):
 garbage-first heap   total 37888K, used 11610K [0x0000000082800000, 0x0000000100000000)
  region size 1024K, 1 young (1024K), 1 survivors (1024K)
 Metaspace       used 26572K, committed 26816K, reserved 1073152K
  class space    used 3054K, committed 3136K, reserved 1048576K
}
Event: 2.561 GC heap before
{Heap before GC invocations=7 (full 0):
 garbage-first heap   total 37888K, used 23898K [0x0000000082800000, 0x0000000100000000)
  region size 1024K, 14 young (14336K), 1 survivors (1024K)
 Metaspace       used 28338K, committed 28608K, reserved 1081344K
  class space    used 3254K, committed 3392K, reserved 1048576K
}
Event: 2.564 GC heap after
{Heap after GC invocations=8 (full 0):
 garbage-first heap   total 37888K, used 12789K [0x0000000082800000, 0x0000000100000000)
  region size 1024K, 2 young (2048K), 2 survivors (2048K)
 Metaspace       used 28338K, committed 28608K, reserved 1081344K
  class space    used 3254K, committed 3392K, reserved 1048576K
}
Event: 2.878 GC heap before
{Heap before GC invocations=8 (full 0):
 garbage-first heap   total 37888K, used 26101K [0x0000000082800000, 0x0000000100000000)
  region size 1024K, 15 young (15360K), 2 survivors (2048K)
 Metaspace       used 29155K, committed 29440K, reserved 1081344K
  class space    used 3343K, committed 3456K, reserved 1048576K
}
Event: 2.881 GC heap after
{Heap after GC invocations=9 (full 0):
 garbage-first heap   total 37888K, used 13935K [0x0000000082800000, 0x0000000100000000)
  region size 1024K, 2 young (2048K), 2 survivors (2048K)
 Metaspace       used 29155K, committed 29440K, reserved 1081344K
  class space    used 3343K, committed 3456K, reserved 1048576K
}
Event: 3.146 GC heap before
{Heap before GC invocations=9 (full 0):
 garbage-first heap   total 37888K, used 25199K [0x0000000082800000, 0x0000000100000000)
  region size 1024K, 14 young (14336K), 2 survivors (2048K)
 Metaspace       used 30244K, committed 30464K, reserved 1081344K
  class space    used 3493K, committed 3584K, reserved 1048576K
}
Event: 3.148 GC heap after
{Heap after GC invocations=10 (full 0):
 garbage-first heap   total 37888K, used 15034K [0x0000000082800000, 0x0000000100000000)
  region size 1024K, 2 young (2048K), 2 survivors (2048K)
 Metaspace       used 30244K, committed 30464K, reserved 1081344K
  class space    used 3493K, committed 3584K, reserved 1048576K
}
Event: 3.482 GC heap before
{Heap before GC invocations=10 (full 0):
 garbage-first heap   total 37888K, used 27322K [0x0000000082800000, 0x0000000100000000)
  region size 1024K, 14 young (14336K), 2 survivors (2048K)
 Metaspace       used 31595K, committed 31872K, reserved 1081344K
  class space    used 3703K, committed 3840K, reserved 1048576K
}
Event: 3.484 GC heap after
{Heap after GC invocations=11 (full 0):
 garbage-first heap   total 37888K, used 15805K [0x0000000082800000, 0x0000000100000000)
  region size 1024K, 2 young (2048K), 2 survivors (2048K)
 Metaspace       used 31595K, committed 31872K, reserved 1081344K
  class space    used 3703K, committed 3840K, reserved 1048576K
}
Event: 3.804 GC heap before
{Heap before GC invocations=11 (full 0):
 garbage-first heap   total 37888K, used 27069K [0x0000000082800000, 0x0000000100000000)
  region size 1024K, 14 young (14336K), 2 survivors (2048K)
 Metaspace       used 33447K, committed 33792K, reserved 1081344K
  class space    used 3959K, committed 4160K, reserved 1048576K
}
Event: 3.809 GC heap after
{Heap after GC invocations=12 (full 0):
 garbage-first heap   total 37888K, used 16684K [0x0000000082800000, 0x0000000100000000)
  region size 1024K, 2 young (2048K), 2 survivors (2048K)
 Metaspace       used 33447K, committed 33792K, reserved 1081344K
  class space    used 3959K, committed 4160K, reserved 1048576K
}
Event: 4.141 GC heap before
{Heap before GC invocations=12 (full 0):
 garbage-first heap   total 37888K, used 28972K [0x0000000082800000, 0x0000000100000000)
  region size 1024K, 14 young (14336K), 2 survivors (2048K)
 Metaspace       used 35422K, committed 35776K, reserved 1081344K
  class space    used 4243K, committed 4416K, reserved 1048576K
}
Event: 4.145 GC heap after
{Heap after GC invocations=13 (full 0):
 garbage-first heap   total 37888K, used 17910K [0x0000000082800000, 0x0000000100000000)
  region size 1024K, 2 young (2048K), 2 survivors (2048K)
 Metaspace       used 35422K, committed 35776K, reserved 1081344K
  class space    used 4243K, committed 4416K, reserved 1048576K
}
Event: 4.191 GC heap before
{Heap before GC invocations=13 (full 0):
 garbage-first heap   total 37888K, used 17910K [0x0000000082800000, 0x0000000100000000)
  region size 1024K, 4 young (4096K), 2 survivors (2048K)
 Metaspace       used 35772K, committed 36096K, reserved 1081344K
  class space    used 4284K, committed 4416K, reserved 1048576K
}
Event: 4.196 GC heap after
{Heap after GC invocations=14 (full 0):
 garbage-first heap   total 61440K, used 18227K [0x0000000082800000, 0x0000000100000000)
  region size 1024K, 1 young (1024K), 1 survivors (1024K)
 Metaspace       used 35772K, committed 36096K, reserved 1081344K
  class space    used 4284K, committed 4416K, reserved 1048576K
}

